
**** Build of configuration Default for project NokiaPaper ****

make all 

Cannot run program "make": Launching failed
Error: Program "make" is not found in PATH

PATH=[C:\Windows\system32;C:\Windows;C:\Windows\System32\Wbem;C:\Windows\System32\WindowsPowerShell\v1.0\;C:\Program Files (x86)\Intel\OpenCL SDK\1.5\bin\x86;C:\Program Files (x86)\Intel\OpenCL SDK\1.5\bin\x64;C:\Program Files (x86)\Java\jdk1.6.0_10\bin;C:\Program Files\TortoiseSVN\bin;C:\Users\junxu.wang\pf\adt-bundle-windows-x86_64-20130514\sdk\platform-tools;C:\Program Files\TortoiseGit\bin;C:\Program Files (x86)\Git\cmd;C:\Program Files (x86)\Git\bin]

**** Build Finished ****

**** Rebuild of configuration Debug for project n ****

**** Internal Builder is used for build               ****
g++ -O0 -g3 -Wall -c -fmessage-length=0 -o src\n.o ..\src\n.cpp
g++ -o n.exe src\n.o
Build complete for project n
Time consumed: 780  ms.  

**** Build of configuration Debug for project n ****

**** Internal Builder is used for build               ****
Nothing to build for n

**** Build of configuration Debug for project n ****

**** Internal Builder is used for build               ****
g++ -O0 -g3 -Wall -c -fmessage-length=0 -o src\n.o ..\src\n.cpp
..\src\n.cpp: In function 'int main()':
..\src\n.cpp:20:6: warning: 'x' is used uninitialized in this function [-Wuninitialized]
  *x=c;
      ^
g++ -o n.exe src\n.o
Build complete for project n
Time consumed: 24402  ms.  

**** Build of configuration Debug for project n ****

**** Internal Builder is used for build               ****
g++ -O0 -g3 -Wall -c -fmessage-length=0 -o src\n.o ..\src\n.cpp
..\src\n.cpp: In function 'int main()':
..\src\n.cpp:18:8: warning: variable 'x' set but not used [-Wunused-but-set-variable]
  int * x;
        ^
g++ -o n.exe src\n.o
Build complete for project n
Time consumed: 644  ms.  

**** Build of configuration Debug for project n ****

**** Internal Builder is used for build               ****
g++ -O0 -g3 -Wall -c -fmessage-length=0 -o src\n.o ..\src\n.cpp
..\src\n.cpp: In function 'int main()':
..\src\n.cpp:20:4: error: invalid conversion from 'int*' to 'int' [-fpermissive]
  *x=&c;
    ^
Build error occurred, build is stopped
Time consumed: 339  ms.  

**** Build of configuration Debug for project n ****

**** Internal Builder is used for build               ****
g++ -O0 -g3 -Wall -c -fmessage-length=0 -o src\n.o ..\src\n.cpp
..\src\n.cpp: In function 'int main()':
..\src\n.cpp:20:6: warning: 'x' is used uninitialized in this function [-Wuninitialized]
  *x=c;
      ^
g++ -o n.exe src\n.o
Build complete for project n
Time consumed: 554  ms.  

**** Build of configuration Debug for project n ****

**** Internal Builder is used for build               ****
g++ -O0 -g3 -Wall -c -fmessage-length=0 -o src\n.o ..\src\n.cpp
..\src\n.cpp: In function 'int main()':
..\src\n.cpp:20:6: warning: 'x' is used uninitialized in this function [-Wuninitialized]
  *x=c;
      ^
g++ -o n.exe src\n.o
Build complete for project n
Time consumed: 560  ms.  

**** Build of configuration Debug for project n ****

**** Internal Builder is used for build               ****
g++ -O0 -g3 -Wall -c -fmessage-length=0 -o src\n.o ..\src\n.cpp
..\src\n.cpp: In function 'int main()':
..\src\n.cpp:20:4: error: invalid conversion from 'int*' to 'int' [-fpermissive]
  *x=&c;
    ^
Build error occurred, build is stopped
Time consumed: 220  ms.  

**** Build of configuration Debug for project n ****

**** Internal Builder is used for build               ****
g++ -O0 -g3 -Wall -c -fmessage-length=0 -o src\n.o ..\src\n.cpp
..\src\n.cpp: In function 'int main()':
..\src\n.cpp:20:4: error: invalid conversion from 'int*' to 'int' [-fpermissive]
  *x=&c;
    ^
Build error occurred, build is stopped
Time consumed: 218  ms.  

**** Build of configuration Debug for project n ****

**** Internal Builder is used for build               ****
g++ -O0 -g3 -Wall -c -fmessage-length=0 -o src\n.o ..\src\n.cpp
..\src\n.cpp: In function 'int main()':
..\src\n.cpp:18:7: warning: variable 'x' set but not used [-Wunused-but-set-variable]
  int *x;
       ^
g++ -o n.exe src\n.o
Build complete for project n
Time consumed: 674  ms.  

**** Build of configuration Debug for project n ****

**** Internal Builder is used for build               ****
Nothing to build for n

**** Build of configuration Debug for project n ****

**** Internal Builder is used for build               ****
g++ -O0 -g3 -Wall -c -fmessage-length=0 -o src\n.o ..\src\n.cpp
g++ -o n.exe src\n.o
Build complete for project n
Time consumed: 635  ms.  

**** Build of configuration Debug for project n ****

**** Internal Builder is used for build               ****
Nothing to build for n

**** Build of configuration Debug for project n ****

**** Internal Builder is used for build               ****
Nothing to build for n

**** Build of configuration Debug for project n ****

**** Internal Builder is used for build               ****
g++ -O0 -g3 -Wall -c -fmessage-length=0 -o src\n.o ..\src\n.cpp
g++ -o n.exe src\n.o
c:/mingw/bin/../lib/gcc/mingw32/4.8.1/../../../../mingw32/bin/ld.exe: cannot open output file n.exe: Permission denied
collect2.exe: error: ld returned 1 exit status
Build error occurred, build is stopped
Time consumed: 585  ms.  

**** Build of configuration Debug for project n ****

**** Internal Builder is used for build               ****
g++ -O0 -g3 -Wall -c -fmessage-length=0 -o src\n.o ..\src\n.cpp
g++ -o n.exe src\n.o
c:/mingw/bin/../lib/gcc/mingw32/4.8.1/../../../../mingw32/bin/ld.exe: cannot open output file n.exe: Permission denied
collect2.exe: error: ld returned 1 exit status
Build error occurred, build is stopped
Time consumed: 385  ms.  

**** Build of configuration Debug for project n ****

**** Internal Builder is used for build               ****
g++ -O0 -g3 -Wall -c -fmessage-length=0 -o src\n.o ..\src\n.cpp
g++ -o n.exe src\n.o
c:/mingw/bin/../lib/gcc/mingw32/4.8.1/../../../../mingw32/bin/ld.exe: cannot open output file n.exe: Permission denied
collect2.exe: error: ld returned 1 exit status
Build error occurred, build is stopped
Time consumed: 392  ms.  

**** Build of configuration Debug for project n ****

**** Internal Builder is used for build               ****
g++ -o n.exe src\n.o
c:/mingw/bin/../lib/gcc/mingw32/4.8.1/../../../../mingw32/bin/ld.exe: cannot open output file n.exe: Permission denied
collect2.exe: error: ld returned 1 exit status
Build error occurred, build is stopped
Time consumed: 117  ms.  

**** Build of configuration Debug for project n ****

**** Internal Builder is used for build               ****
g++ -o n.exe src\n.o
Build complete for project n
Time consumed: 267  ms.  

**** Build of configuration Debug for project n ****

**** Internal Builder is used for build               ****
g++ -O0 -g3 -Wall -c -fmessage-length=0 -o src\n.o ..\src\n.cpp
g++ -o n.exe src\n.o
Build complete for project n
Time consumed: 535  ms.  

**** Build of configuration Debug for project n ****

**** Internal Builder is used for build               ****
Nothing to build for n

**** Build of configuration Debug for project n ****

**** Internal Builder is used for build               ****
g++ -O0 -g3 -Wall -c -fmessage-length=0 -o src\n.o ..\src\n.cpp
g++ -o n.exe src\n.o
Build complete for project n
Time consumed: 521  ms.  

**** Build of configuration Debug for project n ****

**** Internal Builder is used for build               ****
Nothing to build for n

**** Build of configuration Debug for project n ****

**** Internal Builder is used for build               ****
g++ -O0 -g3 -Wall -c -fmessage-length=0 -o src\n.o ..\src\n.cpp
..\src\n.cpp: In function 'int main()':
..\src\n.cpp:17:6: warning: unused variable 'c' [-Wunused-variable]
  int c=33;
      ^
..\src\n.cpp:22:7: warning: 'x' is used uninitialized in this function [-Wuninitialized]
  *x=12;
       ^
g++ -o n.exe src\n.o
Build complete for project n
Time consumed: 555  ms.  

**** Build of configuration Debug for project n ****

**** Internal Builder is used for build               ****
Nothing to build for n

**** Build of configuration Debug for project n ****

**** Internal Builder is used for build               ****
Nothing to build for n

**** Build of configuration Debug for project n ****

**** Internal Builder is used for build               ****
g++ -O0 -g3 -Wall -c -fmessage-length=0 -o src\n.o ..\src\n.cpp
..\src\n.cpp: In function 'int main()':
..\src\n.cpp:22:3: error: 'x' was not declared in this scope
  *x=12;
   ^
..\src\n.cpp:17:6: warning: unused variable 'c' [-Wunused-variable]
  int c=33;
      ^
..\src\n.cpp:18:7: warning: unused variable 'z' [-Wunused-variable]
  int *z;
       ^
Build error occurred, build is stopped
Time consumed: 218  ms.  

**** Build of configuration Debug for project n ****

**** Internal Builder is used for build               ****
g++ -O0 -g3 -Wall -c -fmessage-length=0 -o src\n.o ..\src\n.cpp
..\src\n.cpp: In function 'int main()':
..\src\n.cpp:22:3: error: 'x' was not declared in this scope
  *x=12;
   ^
..\src\n.cpp:17:6: warning: unused variable 'c' [-Wunused-variable]
  int c=33;
      ^
..\src\n.cpp:18:7: warning: unused variable 'z' [-Wunused-variable]
  int *z;
       ^
Build error occurred, build is stopped
Time consumed: 219  ms.  

**** Build of configuration Debug for project n ****

**** Internal Builder is used for build               ****
g++ -O0 -g3 -Wall -c -fmessage-length=0 -o src\n.o ..\src\n.cpp
..\src\n.cpp: In function 'int main()':
..\src\n.cpp:22:3: error: 'x' was not declared in this scope
  *x=12;
   ^
..\src\n.cpp:17:6: warning: unused variable 'c' [-Wunused-variable]
  int c=33;
      ^
..\src\n.cpp:18:7: warning: unused variable 'z' [-Wunused-variable]
  int *z;
       ^
Build error occurred, build is stopped
Time consumed: 218  ms.  

**** Build of configuration Debug for project n ****

**** Internal Builder is used for build               ****
g++ -O0 -g3 -Wall -c -fmessage-length=0 -o src\n.o ..\src\n.cpp
..\src\n.cpp: In function 'int main()':
..\src\n.cpp:17:6: warning: unused variable 'c' [-Wunused-variable]
  int c=33;
      ^
..\src\n.cpp:22:6: warning: 'x' is used uninitialized in this function [-Wuninitialized]
  *x=1;
      ^
g++ -o n.exe src\n.o
Build complete for project n
Time consumed: 535  ms.  

**** Build of configuration Debug for project n ****

**** Internal Builder is used for build               ****
Nothing to build for n

**** Build of configuration Debug for project n ****

**** Internal Builder is used for build               ****
Nothing to build for n

**** Build of configuration Debug for project n ****

**** Internal Builder is used for build               ****
Nothing to build for n

**** Build of configuration Debug for project n ****

**** Internal Builder is used for build               ****
g++ -O0 -g3 -Wall -c -fmessage-length=0 -o src\n.o ..\src\n.cpp
..\src\n.cpp: In function 'char* foobar(char*)':
..\src\n.cpp:31:10: error: 'printf' was not declared in this scope
  printf(s);
          ^
..\src\n.cpp:32:1: warning: no return statement in function returning non-void [-Wreturn-type]
 }
 ^
Build error occurred, build is stopped
Time consumed: 232  ms.  

**** Build of configuration Debug for project n ****

**** Internal Builder is used for build               ****
g++ -O0 -g3 -Wall -c -fmessage-length=0 -o src\n.o ..\src\n.cpp
..\src\n.cpp: In function 'char* foobar(char*)':
..\src\n.cpp:33:1: warning: no return statement in function returning non-void [-Wreturn-type]
 }
 ^
g++ -o n.exe src\n.o
Build complete for project n
Time consumed: 500  ms.  

**** Build of configuration Debug for project n ****

**** Internal Builder is used for build               ****
Nothing to build for n

**** Build of configuration Debug for project n ****

**** Internal Builder is used for build               ****
g++ -O0 -g3 -Wall -c -fmessage-length=0 -o src\n.o ..\src\n.cpp
..\src\n.cpp: In function 'char* foobar(char*)':
..\src\n.cpp:33:1: warning: no return statement in function returning non-void [-Wreturn-type]
 }
 ^
g++ -o n.exe src\n.o
Build complete for project n
Time consumed: 485  ms.  

**** Build of configuration Debug for project n ****

**** Internal Builder is used for build               ****
Nothing to build for n
